<?xml version="1.0" encoding="UTF-8"?>
<testsuite xmlns:xsi="http://www.w3.org/2001/XMLSchema-instance" xsi:noNamespaceSchemaLocation="https://maven.apache.org/surefire/maven-surefire-plugin/xsd/surefire-test-report-3.0.xsd" version="3.0" name="com.example.demo.TanomoApplicationTests" time="3.249" tests="1" errors="0" skipped="0" failures="0">
  <properties>
[...]
</properties>
  <testcase name="contextLoads" classname="com.example.demo.TanomoApplicationTests" time="0.95">
    <system-out><![CDATA[15:04:51.860 [main] INFO org.springframework.test.context.support.AnnotationConfigContextLoaderUtils -- Could not detect default configuration classes for test class [com.example.demo.TanomoApplicationTests]: TanomoApplicationTests does not declare any static, non-private, non-final, nested classes annotated with @Configuration.
15:04:51.977 [main] INFO org.springframework.boot.test.context.SpringBootTestContextBootstrapper -- Found @SpringBootConfiguration com.example.demo.TanomoApplication for test class com.example.demo.TanomoApplicationTests
15:04:52.195 [main] INFO org.springframework.boot.devtools.restart.RestartApplicationListener -- Restart disabled due to context in which it is running

  .   ____          _            __ _ _
 /\\ / ___'_ __ _ _(_)_ __  __ _ \ \ \ \
( ( )\___ | '_ | '_| | '_ \/ _` | \ \ \ \
 \\/  ___)| |_)| | | | | || (_| |  ) ) ) )
  '  |____| .__|_| |_|_| |_\__, | / / / /
 =========|_|==============|___/=/_/_/_/
 :: Spring Boot ::               (v3.2.10)

2025-01-28T15:04:52.494+09:00  INFO 7840 --- [Tanomo] [           main] c.example.demo.TanomoApplicationTests    : Starting TanomoApplicationTests using Java 17.0.10 with PID 7840 (started by S10 in C:\pleiades\2024-10\SpringStart\Tanomo)
2025-01-28T15:04:52.496+09:00  INFO 7840 --- [Tanomo] [           main] c.example.demo.TanomoApplicationTests    : No active profile set, falling back to 1 default profile: "default"
2025-01-28T15:04:53.937+09:00  INFO 7840 --- [Tanomo] [           main] c.example.demo.TanomoApplicationTests    : Started TanomoApplicationTests in 1.757 seconds (process running for 3.13)
]]></system-out>
  </testcase>
</testsuite>